
[2021-10-14 14:05:45] Текст ошибки: Page not found | Файл: E:\OpenServer\domains\ishop.loc\vendor\ishop\core\Router.php | Строка: 30 
-----------------------------------------------------------------------------------------------------------------------
[2021-10-14 14:49:17] Текст ошибки: Controller app\controllers\VeryWellController not found | Файл: E:\OpenServer\domains\ishop.loc\vendor\ishop\core\Router.php | Строка: 38 
-----------------------------------------------------------------------------------------------------------------------
[2021-10-14 14:50:56] Текст ошибки: Controller app\controllers\VeryWellController not found | Файл: E:\OpenServer\domains\ishop.loc\vendor\ishop\core\Router.php | Строка: 38 
-----------------------------------------------------------------------------------------------------------------------
[2021-10-14 14:50:57] Текст ошибки: Controller app\controllers\VeryWellController not found | Файл: E:\OpenServer\domains\ishop.loc\vendor\ishop\core\Router.php | Строка: 38 
-----------------------------------------------------------------------------------------------------------------------
[2021-10-15 15:14:06] Текст ошибки: Page not found | Файл: E:\OpenServer\domains\ishop.loc\vendor\ishop\core\Router.php | Строка: 41 
-----------------------------------------------------------------------------------------------------------------------
[2021-10-15 16:26:53] Текст ошибки: Class 'ishop\base\AppController' not found | Файл: E:\OpenServer\domains\ishop.loc\app\controllers\MainController.php | Строка: 7 
-----------------------------------------------------------------------------------------------------------------------
[2021-10-16 11:13:06] Текст ошибки: Page not found | Файл: E:\OpenServer\domains\ishop.loc\vendor\ishop\core\Router.php | Строка: 41 
-----------------------------------------------------------------------------------------------------------------------
[2021-10-16 14:20:06] Текст ошибки: Page not found | Файл: E:\OpenServer\domains\ishop.loc\vendor\ishop\core\Router.php | Строка: 42 
-----------------------------------------------------------------------------------------------------------------------
[2021-10-16 15:34:29] Текст ошибки: Controller app\controllers\DdffhjkController not found | Файл: E:\OpenServer\domains\ishop.loc\vendor\ishop\core\Router.php | Строка: 41 
-----------------------------------------------------------------------------------------------------------------------
[2021-10-16 15:34:44] Текст ошибки: Controller app\controllers\DdffhjkController not found | Файл: E:\OpenServer\domains\ishop.loc\vendor\ishop\core\Router.php | Строка: 41 
-----------------------------------------------------------------------------------------------------------------------
[2021-10-16 15:37:14] Текст ошибки: View E:\OpenServer\domains\ishop.loc/app/views/Page/view.php not found | Файл: E:\OpenServer\domains\ishop.loc\vendor\ishop\core\base\View.php | Строка: 41 
-----------------------------------------------------------------------------------------------------------------------
[2021-10-16 15:39:04] Текст ошибки: View E:\OpenServer\domains\ishop.loc/app/views/Page/view.php not found | Файл: E:\OpenServer\domains\ishop.loc\vendor\ishop\core\base\View.php | Строка: 41 
-----------------------------------------------------------------------------------------------------------------------
[2021-10-16 15:39:05] Текст ошибки: View E:\OpenServer\domains\ishop.loc/app/views/Page/view.php not found | Файл: E:\OpenServer\domains\ishop.loc\vendor\ishop\core\base\View.php | Строка: 41 
-----------------------------------------------------------------------------------------------------------------------
[2021-10-16 15:39:05] Текст ошибки: View E:\OpenServer\domains\ishop.loc/app/views/Page/view.php not found | Файл: E:\OpenServer\domains\ishop.loc\vendor\ishop\core\base\View.php | Строка: 41 
-----------------------------------------------------------------------------------------------------------------------
[2021-10-16 15:39:21] Текст ошибки: View E:\OpenServer\domains\ishop.loc/app/views/Page/view.php not found | Файл: E:\OpenServer\domains\ishop.loc\vendor\ishop\core\base\View.php | Строка: 41 
-----------------------------------------------------------------------------------------------------------------------
[2021-10-16 15:39:21] Текст ошибки: View E:\OpenServer\domains\ishop.loc/app/views/Page/view.php not found | Файл: E:\OpenServer\domains\ishop.loc\vendor\ishop\core\base\View.php | Строка: 41 
-----------------------------------------------------------------------------------------------------------------------
[2021-10-16 15:39:21] Текст ошибки: View E:\OpenServer\domains\ishop.loc/app/views/Page/view.php not found | Файл: E:\OpenServer\domains\ishop.loc\vendor\ishop\core\base\View.php | Строка: 41 
-----------------------------------------------------------------------------------------------------------------------
[2021-10-16 15:39:22] Текст ошибки: View E:\OpenServer\domains\ishop.loc/app/views/Page/view.php not found | Файл: E:\OpenServer\domains\ishop.loc\vendor\ishop\core\base\View.php | Строка: 41 
-----------------------------------------------------------------------------------------------------------------------
[2021-10-16 15:40:06] Текст ошибки: View E:\OpenServer\domains\ishop.loc/app/views/Page/view.php not found | Файл: E:\OpenServer\domains\ishop.loc\vendor\ishop\core\base\View.php | Строка: 41 
-----------------------------------------------------------------------------------------------------------------------
[2021-10-16 15:40:07] Текст ошибки: View E:\OpenServer\domains\ishop.loc/app/views/Page/view.php not found | Файл: E:\OpenServer\domains\ishop.loc\vendor\ishop\core\base\View.php | Строка: 41 
-----------------------------------------------------------------------------------------------------------------------
[2021-10-16 15:40:07] Текст ошибки: View E:\OpenServer\domains\ishop.loc/app/views/Page/view.php not found | Файл: E:\OpenServer\domains\ishop.loc\vendor\ishop\core\base\View.php | Строка: 41 
-----------------------------------------------------------------------------------------------------------------------
[2021-10-16 15:40:07] Текст ошибки: View E:\OpenServer\domains\ishop.loc/app/views/Page/view.php not found | Файл: E:\OpenServer\domains\ishop.loc\vendor\ishop\core\base\View.php | Строка: 41 
-----------------------------------------------------------------------------------------------------------------------
[2021-10-16 15:40:07] Текст ошибки: View E:\OpenServer\domains\ishop.loc/app/views/Page/view.php not found | Файл: E:\OpenServer\domains\ishop.loc\vendor\ishop\core\base\View.php | Строка: 41 
-----------------------------------------------------------------------------------------------------------------------
[2021-10-16 15:40:07] Текст ошибки: View E:\OpenServer\domains\ishop.loc/app/views/Page/view.php not found | Файл: E:\OpenServer\domains\ishop.loc\vendor\ishop\core\base\View.php | Строка: 41 
-----------------------------------------------------------------------------------------------------------------------
[2021-10-16 15:40:43] Текст ошибки: View E:\OpenServer\domains\ishop.loc/app/views/Page/view.php not found | Файл: E:\OpenServer\domains\ishop.loc\vendor\ishop\core\base\View.php | Строка: 41 
-----------------------------------------------------------------------------------------------------------------------
[2021-10-16 15:40:43] Текст ошибки: View E:\OpenServer\domains\ishop.loc/app/views/Page/view.php not found | Файл: E:\OpenServer\domains\ishop.loc\vendor\ishop\core\base\View.php | Строка: 41 
-----------------------------------------------------------------------------------------------------------------------
[2021-10-16 15:40:43] Текст ошибки: View E:\OpenServer\domains\ishop.loc/app/views/Page/view.php not found | Файл: E:\OpenServer\domains\ishop.loc\vendor\ishop\core\base\View.php | Строка: 41 
-----------------------------------------------------------------------------------------------------------------------
[2021-10-16 15:40:43] Текст ошибки: View E:\OpenServer\domains\ishop.loc/app/views/Page/view.php not found | Файл: E:\OpenServer\domains\ishop.loc\vendor\ishop\core\base\View.php | Строка: 41 
-----------------------------------------------------------------------------------------------------------------------
[2021-10-16 15:40:43] Текст ошибки: View E:\OpenServer\domains\ishop.loc/app/views/Page/view.php not found | Файл: E:\OpenServer\domains\ishop.loc\vendor\ishop\core\base\View.php | Строка: 41 
-----------------------------------------------------------------------------------------------------------------------
[2021-10-16 15:40:44] Текст ошибки: View E:\OpenServer\domains\ishop.loc/app/views/Page/view.php not found | Файл: E:\OpenServer\domains\ishop.loc\vendor\ishop\core\base\View.php | Строка: 41 
-----------------------------------------------------------------------------------------------------------------------
[2021-10-16 15:40:44] Текст ошибки: View E:\OpenServer\domains\ishop.loc/app/views/Page/view.php not found | Файл: E:\OpenServer\domains\ishop.loc\vendor\ishop\core\base\View.php | Строка: 41 
-----------------------------------------------------------------------------------------------------------------------
[2021-10-16 15:40:44] Текст ошибки: View E:\OpenServer\domains\ishop.loc/app/views/Page/view.php not found | Файл: E:\OpenServer\domains\ishop.loc\vendor\ishop\core\base\View.php | Строка: 41 
-----------------------------------------------------------------------------------------------------------------------
[2021-10-23 16:51:33] Текст ошибки: Page not found | Файл: E:\OpenServer\domains\ishop.loc\vendor\ishop\core\Router.php | Строка: 43 
-----------------------------------------------------------------------------------------------------------------------
[2021-10-23 17:18:59] Текст ошибки: No connection with database | Файл: E:\OpenServer\domains\ishop.loc\vendor\ishop\core\Db.php | Строка: 16 
-----------------------------------------------------------------------------------------------------------------------
[2021-10-23 17:25:57] Текст ошибки: No connection with database | Файл: E:\OpenServer\domains\ishop.loc\vendor\ishop\core\Db.php | Строка: 16 
-----------------------------------------------------------------------------------------------------------------------
[2021-10-24 16:05:39] Текст ошибки: Page not found | Файл: E:\OpenServer\domains\ishop.loc\vendor\ishop\core\Router.php | Строка: 43 
-----------------------------------------------------------------------------------------------------------------------
[2021-10-24 16:16:08] Текст ошибки: Page not found | Файл: E:\OpenServer\domains\ishop.loc\vendor\ishop\core\Router.php | Строка: 43 
-----------------------------------------------------------------------------------------------------------------------
[2021-10-24 16:16:31] Текст ошибки: Page not found | Файл: E:\OpenServer\domains\ishop.loc\vendor\ishop\core\Router.php | Строка: 43 
-----------------------------------------------------------------------------------------------------------------------
[2021-10-24 16:16:46] Текст ошибки: Page not found | Файл: E:\OpenServer\domains\ishop.loc\vendor\ishop\core\Router.php | Строка: 43 
-----------------------------------------------------------------------------------------------------------------------
[2021-10-24 16:16:59] Текст ошибки: Page not found | Файл: E:\OpenServer\domains\ishop.loc\vendor\ishop\core\Router.php | Строка: 43 
-----------------------------------------------------------------------------------------------------------------------
[2021-10-24 16:41:25] Текст ошибки: Page not found | Файл: E:\OpenServer\domains\ishop.loc\vendor\ishop\core\Router.php | Строка: 43 
-----------------------------------------------------------------------------------------------------------------------
[2021-10-24 16:41:26] Текст ошибки: Page not found | Файл: E:\OpenServer\domains\ishop.loc\vendor\ishop\core\Router.php | Строка: 43 
-----------------------------------------------------------------------------------------------------------------------
[2021-10-24 16:41:26] Текст ошибки: Page not found | Файл: E:\OpenServer\domains\ishop.loc\vendor\ishop\core\Router.php | Строка: 43 
-----------------------------------------------------------------------------------------------------------------------
